#
# A fatal error has been detected by the Java Runtime Environment:
#
#  SIGSEGV (0xb) at pc=0x0000000112505e56, pid=4262, tid=0x0000000000002b03
#
# JRE version: Java(TM) SE Runtime Environment (8.0_212-b10) (build 1.8.0_212-b10)
# Java VM: Java HotSpot(TM) 64-Bit Server VM (25.212-b10 mixed mode bsd-amd64 compressed oops)
# Problematic frame:
# V  [libjvm.dylib+0x505e56]  SignatureIterator::expect(char)+0x14
#
# Failed to write core dump. Core dumps have been disabled. To enable core dumping, try "ulimit -c unlimited" before starting Java again
#
# If you would like to submit a bug report, please visit:
#   http://bugreport.java.com/bugreport/crash.jsp
#

---------------  T H R E A D  ---------------

Current thread (0x00007fe8d6024800):  VMThread [stack: 0x0000700002360000,0x0000700002460000] [id=11011]

siginfo: si_signo: 11 (SIGSEGV), si_code: 1 (SEGV_MAPERR), si_addr: 0x0000000000000008

Registers:
RAX=0x0000000000000000, RBX=0x000070000245f168, RCX=0x0000000000000000, RDX=0x0000000000000000
RSP=0x000070000245f000, RBP=0x000070000245f110, RSI=0x0000000000000028, RDI=0x000070000245f168
R8 =0x00000000000001b6, R9 =0x000000008a000000, R10=0x00000000fe3fffff, R11=0xffffffffffffff30
R12=0x000070000245f168, R13=0x000000012765cfd8, R14=0x0000000000000000, R15=0x000070000245f798
RIP=0x0000000112505e56, EFLAGS=0x0000000000010206, ERR=0x0000000000000004
  TRAPNO=0x000000000000000e

Top of Stack: (sp=0x000070000245f000)
0x000070000245f000:   0000000797bd7808 0000000797bd7870
0x000070000245f010:   0000000797bd78d8 0000000797bd7948
0x000070000245f020:   0000000797bd79b8 0000000797bd7a28
0x000070000245f030:   0000000797bd7a98 0000000797bd7b00
0x000070000245f040:   0000000797bd7b68 0000000797bd7b68
0x000070000245f050:   0000000797bd7bd0 0000000797bd7c40
0x000070000245f060:   0000000797bd7cd0 0000000797bd7d40
0x000070000245f070:   0000000797bd7da8 0000000797bd7e10
0x000070000245f080:   0000000797bd7e88 0000000797bd7ef0
0x000070000245f090:   0000000797be0000 0000000797be0068
0x000070000245f0a0:   0000000797be00d0 0000000797be0138
0x000070000245f0b0:   0000000797be01a0 0000000797be0208
0x000070000245f0c0:   0000000797be0278 0000000797be02e8
0x000070000245f0d0:   0000000797be0350 0000000797be03b8
0x000070000245f0e0:   000070000245f110 0000000112505c64
0x000070000245f0f0:   0000000797be0500 000070000245f168
0x000070000245f100:   000070000245f130 000070000245f168
0x000070000245f110:   000070000245f150 0000000112505f56
0x000070000245f120:   0000000000000000 00000000000001b6
0x000070000245f130:   000070000245f168 000000012765cfd8
0x000070000245f140:   0000000000000000 000070000245f798
0x000070000245f150:   000070000245f5d0 0000000112289985
0x000070000245f160:   0000000797be0a70 000000011282c1c0
0x000070000245f170:   0000000000000000 0000000000000000
0x000070000245f180:   000000070000000c 000070000245f5a0
0x000070000245f190:   0000000700000000 4fffffff4fffffff
0x000070000245f1a0:   0000000797be0de0 0000000797be0e48
0x000070000245f1b0:   0000000797be0eb0 0000000797be0f18
0x000070000245f1c0:   0000000797be0f80 0000000797be0ff0
0x000070000245f1d0:   0000000797be1058 0000000797be10c0
0x000070000245f1e0:   0000000797be1128 0000000797be1190
0x000070000245f1f0:   0000000797be11f8 0000000797be1260 

Instructions: (pc=0x0000000112505e56)
0x0000000112505e36:   df 48 83 c4 08 5b 5d e9 7c ff ff ff 55 48 89 e5
0x0000000112505e46:   53 48 81 ec 08 01 00 00 48 63 47 10 48 8b 4f 08
0x0000000112505e56:   40 38 74 01 08 48 89 fb 74 39 40 0f be d6 48 8d
0x0000000112505e66:   bd f0 fe ff ff 48 8d 35 b7 7d 11 00 30 c0 e8 5f 

Register to memory mapping:

RAX=0x0000000000000000 is an unknown value
RBX=0x000070000245f168 is an unknown value
RCX=0x0000000000000000 is an unknown value
RDX=0x0000000000000000 is an unknown value
RSP=0x000070000245f000 is an unknown value
RBP=0x000070000245f110 is an unknown value
RSI=0x0000000000000028 is an unknown value
RDI=0x000070000245f168 is an unknown value
R8 =0x00000000000001b6 is an unknown value
R9 =0x000000008a000000 is an unknown value
R10=0x00000000fe3fffff is an unknown value
R11=0xffffffffffffff30 is an unknown value
R12=0x000070000245f168 is an unknown value
R13={method} {0x000000012765cfd8} 'Shopping' '()V' in 'contact'
R14=0x0000000000000000 is an unknown value
R15=0x000070000245f798 is an unknown value


Stack: [0x0000700002360000,0x0000700002460000],  sp=0x000070000245f000,  free space=1020k
Native frames: (J=compiled Java code, j=interpreted, Vv=VM code, C=native code)
V  [libjvm.dylib+0x505e56]  SignatureIterator::expect(char)+0x14
V  [libjvm.dylib+0x505f56]  SignatureIterator::iterate_returntype()+0x28
V  [libjvm.dylib+0x289985]  GenerateOopMap::do_method(int, int, int, int)+0x71
V  [libjvm.dylib+0x28b608]  GenerateOopMap::interp_bb(BasicBlock*)+0x104
V  [libjvm.dylib+0x28b857]  GenerateOopMap::interp_all()+0x31
V  [libjvm.dylib+0x28bdee]  GenerateOopMap::do_interpretation()+0x44
V  [libjvm.dylib+0x28c207]  GenerateOopMap::compute_map(Thread*)+0x1fb
V  [libjvm.dylib+0x4861f5]  OopMapForCacheEntry::compute_map(Thread*)+0x8f
V  [libjvm.dylib+0x4863fe]  OopMapCacheEntry::fill(methodHandle, int)+0x19e
V  [libjvm.dylib+0x4865df]  OopMapCache::compute_one_oop_map(methodHandle, int, InterpreterOopMap*)+0x16b
V  [libjvm.dylib+0x486896]  OopMapCache::lookup(methodHandle, int, InterpreterOopMap*) const+0x25c
V  [libjvm.dylib+0x2c3b34]  InstanceKlass::mask_for(methodHandle, int, InterpreterOopMap*)+0xd2
V  [libjvm.dylib+0x453f21]  Method::mask_for(int, InterpreterOopMap*)+0xb3
V  [libjvm.dylib+0x39c033]  VM_GetOrSetLocal::doit()+0x47
V  [libjvm.dylib+0x5be615]  VM_Operation::evaluate()+0x4f
V  [libjvm.dylib+0x5bcbad]  VMThread::evaluate_operation(VM_Operation*)+0xdf
V  [libjvm.dylib+0x5bcffa]  VMThread::loop()+0x328
V  [libjvm.dylib+0x5bc919]  VMThread::run()+0x79
V  [libjvm.dylib+0x48f30a]  java_start(Thread*)+0xf6
C  [libsystem_pthread.dylib+0x68fc]  _pthread_start+0xe0
C  [libsystem_pthread.dylib+0x2443]  thread_start+0xf

VM_Operation (0x0000700002971a18): GetOrSetLocal, mode: safepoint, requested by thread 0x00007fe8d6029800


---------------  P R O C E S S  ---------------

Java Threads: ( => current thread )
  0x00007fe8d6246000 JavaThread "Okio Watchdog" daemon [_thread_blocked, id=41731, stack(0x00007000037ca000,0x00007000038ca000)]
  0x00007fe8d73cf000 JavaThread "Exec Stream Pumper" daemon [_thread_in_native, id=22787, stack(0x00007000034c1000,0x00007000035c1000)]
  0x00007fe8d6a9e000 JavaThread "Exec Stream Pumper" daemon [_thread_in_native, id=22275, stack(0x00007000033be000,0x00007000034be000)]
  0x00007fe8d6a8f000 JavaThread "Exec Default Executor" daemon [_thread_blocked, id=21763, stack(0x00007000031b8000,0x00007000032b8000)]
  0x00007fe8d6a51800 JavaThread "process reaper" daemon [_thread_in_native, id=16899, stack(0x000070000318d000,0x00007000031b5000)]
  0x00007fe8d6185800 JavaThread "ReaderThread" [_thread_in_native, id=16131, stack(0x000070000308a000,0x000070000318a000)]
  0x00007fe8d6028800 JavaThread "Service Thread" daemon [_thread_blocked, id=17155, stack(0x0000700002e84000,0x0000700002f84000)]
  0x00007fe8d704f000 JavaThread "C1 CompilerThread2" daemon [_thread_blocked, id=14851, stack(0x0000700002d81000,0x0000700002e81000)]
  0x00007fe8d681c000 JavaThread "C2 CompilerThread1" daemon [_thread_blocked, id=14595, stack(0x0000700002c7e000,0x0000700002d7e000)]
  0x00007fe8d602b800 JavaThread "C2 CompilerThread0" daemon [_thread_blocked, id=14339, stack(0x0000700002b7b000,0x0000700002c7b000)]
  0x00007fe8d704d000 JavaThread "JDWP Command Reader" daemon [_thread_in_native, id=13827, stack(0x0000700002a78000,0x0000700002b78000)]
  0x00007fe8d704c800 JavaThread "JDWP Event Helper Thread" daemon [_thread_blocked, id=13315, stack(0x0000700002975000,0x0000700002a75000)]
  0x00007fe8d6029800 JavaThread "JDWP Transport Listener: dt_socket" daemon [_thread_blocked, id=18183, stack(0x0000700002872000,0x0000700002972000)]
  0x00007fe8d681e000 JavaThread "Signal Dispatcher" daemon [_thread_blocked, id=18691, stack(0x000070000276f000,0x000070000286f000)]
  0x00007fe8d7034800 JavaThread "Finalizer" daemon [_thread_blocked, id=11779, stack(0x0000700002566000,0x0000700002666000)]
  0x00007fe8d580a000 JavaThread "Reference Handler" daemon [_thread_blocked, id=11267, stack(0x0000700002463000,0x0000700002563000)]
  0x00007fe8d680b800 JavaThread "main" [_thread_blocked, id=3843, stack(0x0000700001e51000,0x0000700001f51000)]

Other Threads:
=>0x00007fe8d6024800 VMThread [stack: 0x0000700002360000,0x0000700002460000] [id=11011]
  0x00007fe8d683e800 WatcherThread [stack: 0x0000700002f87000,0x0000700003087000] [id=15619]

VM state:at safepoint (normal execution)

VM Mutex/Monitor currently owned by a thread:  ([mutex/lock_event])
[0x00007fe8d5606460] Threads_lock - owner thread: 0x00007fe8d6024800

heap address: 0x0000000740000000, size: 2048 MB, Compressed Oops mode: Zero based, Oop shift amount: 3
Narrow klass base: 0x0000000000000000, Narrow klass shift: 3
Compressed class space size: 1073741824 Address: 0x00000007c0000000

Heap:
 PSYoungGen      total 38400K, used 24637K [0x0000000795580000, 0x0000000798000000, 0x00000007c0000000)
  eden space 33280K, 58% used [0x0000000795580000,0x0000000796890f40,0x0000000797600000)
  from space 5120K, 99% used [0x0000000797b00000,0x0000000797ffe5f0,0x0000000798000000)
  to   space 5120K, 0% used [0x0000000797600000,0x0000000797600000,0x0000000797b00000)
 ParOldGen       total 87552K, used 4680K [0x0000000740000000, 0x0000000745580000, 0x0000000795580000)
  object space 87552K, 5% used [0x0000000740000000,0x0000000740492098,0x0000000745580000)
 Metaspace       used 20345K, capacity 21158K, committed 21296K, reserved 1069056K
  class space    used 2448K, capacity 2649K, committed 2688K, reserved 1048576K

Card table byte_map: [0x0000000113404000,0x0000000113805000] byte_map_base: 0x000000010fa04000

Marking Bits: (ParMarkBitMap*) 0x00000001128fbe40
 Begin Bits: [0x0000000122d70000, 0x0000000124d70000)
 End Bits:   [0x0000000124d70000, 0x0000000126d70000)

Polling page: 0x000000010ffe2000

CodeCache: size=245760Kb used=6384Kb max_used=6384Kb free=239375Kb
 bounds [0x0000000113ac5000, 0x0000000114105000, 0x0000000122ac5000]
 total_blobs=2280 nmethods=1833 adapters=368
 compilation: enabled

Compilation events (10 events):
Event: 23.961 Thread 0x00007fe8d704f000 1828       3       com.google.common.collect.Iterators::singletonIterator (9 bytes)
Event: 23.962 Thread 0x00007fe8d704f000 nmethod 1828 0x00000001141028d0 code [0x0000000114102a40, 0x0000000114102cf0]
Event: 23.962 Thread 0x00007fe8d704f000 1827       3       java.util.LinkedHashMap::<init> (10 bytes)
Event: 23.962 Thread 0x00007fe8d704f000 nmethod 1827 0x0000000114102e50 code [0x0000000114102fc0, 0x0000000114103230]
Event: 23.971 Thread 0x00007fe8d704f000 1832       3       com.google.common.collect.AbstractIndexedListIterator::next (31 bytes)
Event: 23.971 Thread 0x00007fe8d704f000 nmethod 1832 0x0000000114103350 code [0x00000001141034e0, 0x0000000114103938]
Event: 23.971 Thread 0x00007fe8d704f000 1833       3       sun.util.locale.BaseLocale::equals (71 bytes)
Event: 23.972 Thread 0x00007fe8d704f000 nmethod 1833 0x0000000114103a90 code [0x0000000114103c20, 0x0000000114104130]
Event: 23.973 Thread 0x00007fe8d704f000 1834       1       okhttp3.Route::address (5 bytes)
Event: 23.973 Thread 0x00007fe8d704f000 nmethod 1834 0x00000001140f3f10 code [0x00000001140f4060, 0x00000001140f4170]

GC Heap History (4 events):
Event: 2.231 GC heap before
{Heap before GC invocations=1 (full 0):
 PSYoungGen      total 38400K, used 33280K [0x0000000795580000, 0x0000000798000000, 0x00000007c0000000)
  eden space 33280K, 100% used [0x0000000795580000,0x0000000797600000,0x0000000797600000)
  from space 5120K, 0% used [0x0000000797b00000,0x0000000797b00000,0x0000000798000000)
  to   space 5120K, 0% used [0x0000000797600000,0x0000000797600000,0x0000000797b00000)
 ParOldGen       total 87552K, used 0K [0x0000000740000000, 0x0000000745580000, 0x0000000795580000)
  object space 87552K, 0% used [0x0000000740000000,0x0000000740000000,0x0000000745580000)
 Metaspace       used 12475K, capacity 12736K, committed 13056K, reserved 1060864K
  class space    used 1398K, capacity 1526K, committed 1536K, reserved 1048576K
Event: 2.240 GC heap after
Heap after GC invocations=1 (full 0):
 PSYoungGen      total 38400K, used 5109K [0x0000000795580000, 0x0000000798000000, 0x00000007c0000000)
  eden space 33280K, 0% used [0x0000000795580000,0x0000000795580000,0x0000000797600000)
  from space 5120K, 99% used [0x0000000797600000,0x0000000797afd430,0x0000000797b00000)
  to   space 5120K, 0% used [0x0000000797b00000,0x0000000797b00000,0x0000000798000000)
 ParOldGen       total 87552K, used 595K [0x0000000740000000, 0x0000000745580000, 0x0000000795580000)
  object space 87552K, 0% used [0x0000000740000000,0x0000000740094c18,0x0000000745580000)
 Metaspace       used 12475K, capacity 12736K, committed 13056K, reserved 1060864K
  class space    used 1398K, capacity 1526K, committed 1536K, reserved 1048576K
}
Event: 3.802 GC heap before
{Heap before GC invocations=2 (full 0):
 PSYoungGen      total 38400K, used 38389K [0x0000000795580000, 0x0000000798000000, 0x00000007c0000000)
  eden space 33280K, 100% used [0x0000000795580000,0x0000000797600000,0x0000000797600000)
  from space 5120K, 99% used [0x0000000797600000,0x0000000797afd430,0x0000000797b00000)
  to   space 5120K, 0% used [0x0000000797b00000,0x0000000797b00000,0x0000000798000000)
 ParOldGen       total 87552K, used 595K [0x0000000740000000, 0x0000000745580000, 0x0000000795580000)
  object space 87552K, 0% used [0x0000000740000000,0x0000000740094c18,0x0000000745580000)
 Metaspace       used 17503K, capacity 17880K, committed 18048K, reserved 1064960K
  class space    used 2051K, capacity 2166K, committed 2176K, reserved 1048576K
Event: 3.816 GC heap after
Heap after GC invocations=2 (full 0):
 PSYoungGen      total 38400K, used 5113K [0x0000000795580000, 0x0000000798000000, 0x00000007c0000000)
  eden space 33280K, 0% used [0x0000000795580000,0x0000000795580000,0x0000000797600000)
  from space 5120K, 99% used [0x0000000797b00000,0x0000000797ffe5f0,0x0000000798000000)
  to   space 5120K, 0% used [0x0000000797600000,0x0000000797600000,0x0000000797b00000)
 ParOldGen       total 87552K, used 4680K [0x0000000740000000, 0x0000000745580000, 0x0000000795580000)
  object space 87552K, 5% used [0x0000000740000000,0x0000000740492098,0x0000000745580000)
 Metaspace       used 17503K, capacity 17880K, committed 18048K, reserved 1064960K
  class space    used 2051K, capacity 2166K, committed 2176K, reserved 1048576K
}

Deoptimization events (10 events):
Event: 3.821 Thread 0x00007fe8d680b800 Uncommon trap: reason=range_check action=make_not_entrant pc=0x0000000113fd4734 method=sun.reflect.generics.parser.SignatureParser.current()C @ 34
Event: 3.973 Thread 0x00007fe8d680b800 Uncommon trap: reason=class_check action=maybe_recompile pc=0x0000000113e53c7c method=java.util.regex.Matcher.search(I)Z @ 86
Event: 3.974 Thread 0x00007fe8d680b800 Uncommon trap: reason=class_check action=maybe_recompile pc=0x0000000113e53c7c method=java.util.regex.Matcher.search(I)Z @ 86
Event: 3.974 Thread 0x00007fe8d680b800 Uncommon trap: reason=class_check action=maybe_recompile pc=0x0000000113e53c7c method=java.util.regex.Matcher.search(I)Z @ 86
Event: 3.974 Thread 0x00007fe8d680b800 Uncommon trap: reason=class_check action=maybe_recompile pc=0x0000000113e53c7c method=java.util.regex.Matcher.search(I)Z @ 86
Event: 6.987 Thread 0x00007fe8d680b800 Uncommon trap: reason=class_check action=maybe_recompile pc=0x0000000114055fd8 method=org.openqa.selenium.json.Input.init()V @ 18
Event: 6.988 Thread 0x00007fe8d680b800 Uncommon trap: reason=class_check action=maybe_recompile pc=0x0000000114055fd8 method=org.openqa.selenium.json.Input.init()V @ 18
Event: 6.988 Thread 0x00007fe8d680b800 Uncommon trap: reason=class_check action=maybe_recompile pc=0x0000000114055fd8 method=org.openqa.selenium.json.Input.init()V @ 18
Event: 6.988 Thread 0x00007fe8d680b800 Uncommon trap: reason=class_check action=maybe_recompile pc=0x0000000114055fd8 method=org.openqa.selenium.json.Input.init()V @ 18
Event: 11.134 Thread 0x00007fe8d680b800 Uncommon trap: reason=unstable_if action=reinterpret pc=0x0000000113c57540 method=sun.nio.cs.UTF_8$Encoder.encode([CII[B)I @ 33

Classes redefined (6 events):
Event: 578.650 Thread 0x00007fe8d6024800 redefined class name=contact, count=1
Event: 1953.342 Thread 0x00007fe8d6024800 redefined class name=contact, count=2
Event: 2078.906 Thread 0x00007fe8d6024800 redefined class name=contact, count=3
Event: 2619.695 Thread 0x00007fe8d6024800 redefined class name=contact, count=4
Event: 3704.929 Thread 0x00007fe8d6024800 redefined class name=contact, count=5
Event: 4008.495 Thread 0x00007fe8d6024800 redefined class name=contact, count=6

Internal exceptions (10 events):
Event: 19.591 Thread 0x00007fe8d680b800 Exception <a 'java/net/SocketTimeoutException': Read timed out> (0x00000007966ba1e0) thrown at [/Users/java_re/workspace/8-2-build-macosx-x86_64/jdk8u212/12974/hotspot/src/share/vm/prims/jni.cpp, line 736]
Event: 19.607 Thread 0x00007fe8d680b800 Exception <a 'java/net/SocketTimeoutException': Read timed out> (0x00000007966d32b0) thrown at [/Users/java_re/workspace/8-2-build-macosx-x86_64/jdk8u212/12974/hotspot/src/share/vm/prims/jni.cpp, line 736]
Event: 20.659 Thread 0x00007fe8d680b800 Exception <a 'java/net/SocketTimeoutException': Read timed out> (0x00000007966e8d00) thrown at [/Users/java_re/workspace/8-2-build-macosx-x86_64/jdk8u212/12974/hotspot/src/share/vm/prims/jni.cpp, line 736]
Event: 21.690 Thread 0x00007fe8d680b800 Exception <a 'java/net/SocketTimeoutException': Read timed out> (0x00000007966fe7d0) thrown at [/Users/java_re/workspace/8-2-build-macosx-x86_64/jdk8u212/12974/hotspot/src/share/vm/prims/jni.cpp, line 736]
Event: 22.725 Thread 0x00007fe8d680b800 Exception <a 'java/net/SocketTimeoutException': Read timed out> (0x0000000796711330) thrown at [/Users/java_re/workspace/8-2-build-macosx-x86_64/jdk8u212/12974/hotspot/src/share/vm/prims/jni.cpp, line 736]
Event: 22.746 Thread 0x00007fe8d680b800 Exception <a 'java/net/SocketTimeoutException': Read timed out> (0x000000079672a168) thrown at [/Users/java_re/workspace/8-2-build-macosx-x86_64/jdk8u212/12974/hotspot/src/share/vm/prims/jni.cpp, line 736]
Event: 23.829 Thread 0x00007fe8d680b800 Exception <a 'java/net/SocketTimeoutException': Read timed out> (0x000000079673dc28) thrown at [/Users/java_re/workspace/8-2-build-macosx-x86_64/jdk8u212/12974/hotspot/src/share/vm/prims/jni.cpp, line 736]
Event: 23.871 Thread 0x00007fe8d680b800 Exception <a 'java/net/SocketTimeoutException': Read timed out> (0x0000000796773b60) thrown at [/Users/java_re/workspace/8-2-build-macosx-x86_64/jdk8u212/12974/hotspot/src/share/vm/prims/jni.cpp, line 736]
Event: 23.916 Thread 0x00007fe8d680b800 Exception <a 'java/net/SocketTimeoutException': Read timed out> (0x0000000796796070) thrown at [/Users/java_re/workspace/8-2-build-macosx-x86_64/jdk8u212/12974/hotspot/src/share/vm/prims/jni.cpp, line 736]
Event: 23.959 Thread 0x00007fe8d680b800 Exception <a 'java/net/SocketTimeoutException': Read timed out> (0x00000007967b8520) thrown at [/Users/java_re/workspace/8-2-build-macosx-x86_64/jdk8u212/12974/hotspot/src/share/vm/prims/jni.cpp, line 736]

Events (10 events):
Event: 4062.289 Executing VM operation: GetOwnedMonitorInfo done
Event: 4075.564 Executing VM operation: GetOrSetLocal
Event: 4075.564 Executing VM operation: GetOrSetLocal done
Event: 4075.578 Executing VM operation: GetOrSetLocal
Event: 4075.578 Executing VM operation: GetOrSetLocal done
Event: 4075.590 Executing VM operation: GetOrSetLocal
Event: 4075.590 Executing VM operation: GetOrSetLocal done
Event: 4075.605 Executing VM operation: GetOrSetLocal
Event: 4075.605 Executing VM operation: GetOrSetLocal done
Event: 4075.610 Executing VM operation: GetOrSetLocal


Dynamic libraries:
0x00007fff35211000 	/System/Library/Frameworks/Cocoa.framework/Versions/A/Cocoa
0x00007fff2255a000 	/System/Library/Frameworks/Security.framework/Versions/A/Security
0x00007fff33419000 	/System/Library/Frameworks/ApplicationServices.framework/Versions/A/ApplicationServices
0x00007fff2a7dd000 	/usr/lib/libz.1.dylib
0x00007fff2a8a5000 	/usr/lib/libSystem.B.dylib
0x00007fff20563000 	/usr/lib/libobjc.A.dylib
0x00007fff20743000 	/System/Library/Frameworks/CoreFoundation.framework/Versions/A/CoreFoundation
0x00007fff214f2000 	/System/Library/Frameworks/Foundation.framework/Versions/C/Foundation
0x00007fff22f8b000 	/System/Library/Frameworks/AppKit.framework/Versions/C/AppKit
0x00007fff25e50000 	/System/Library/Frameworks/CoreData.framework/Versions/A/CoreData
0x00007fff23cd7000 	/System/Library/PrivateFrameworks/UIFoundation.framework/Versions/A/UIFoundation
0x00007fff2fed3000 	/System/Library/PrivateFrameworks/RemoteViewServices.framework/Versions/A/RemoteViewServices
0x00007fff28ce9000 	/System/Library/PrivateFrameworks/XCTTargetBootstrap.framework/Versions/A/XCTTargetBootstrap
0x00007fff2b9cf000 	/usr/lib/libspindump.dylib
0x00007fff23f26000 	/System/Library/Frameworks/UniformTypeIdentifiers.framework/Versions/A/UniformTypeIdentifiers
0x00007fff274ed000 	/usr/lib/libapp_launch_measurement.dylib
0x00007fff274f0000 	/System/Library/PrivateFrameworks/CoreAutoLayout.framework/Versions/A/CoreAutoLayout
0x00007fff28650000 	/System/Library/Frameworks/Metal.framework/Versions/A/Metal
0x00007fff29346000 	/usr/lib/liblangid.dylib
0x00007fff28ced000 	/System/Library/PrivateFrameworks/CoreSVG.framework/Versions/A/CoreSVG
0x00007fff24f66000 	/System/Library/PrivateFrameworks/SkyLight.framework/Versions/A/SkyLight
0x00007fff252cc000 	/System/Library/Frameworks/CoreGraphics.framework/Versions/A/CoreGraphics
0x00007fff303fa000 	/System/Library/Frameworks/Accelerate.framework/Versions/A/Accelerate
0x00007fff2b40d000 	/System/Library/PrivateFrameworks/IconServices.framework/Versions/A/IconServices
0x00007fff28634000 	/System/Library/Frameworks/IOSurface.framework/Versions/A/IOSurface
0x00007fff267d8000 	/usr/lib/libDiagnosticMessagesClient.dylib
0x00007fff28cd5000 	/System/Library/PrivateFrameworks/DFRFoundation.framework/Versions/A/DFRFoundation
0x00007fff228b2000 	/usr/lib/libicucore.A.dylib
0x00007fff2cf12000 	/System/Library/Frameworks/AudioToolbox.framework/Versions/A/AudioToolbox
0x00007fff2c19a000 	/System/Library/PrivateFrameworks/DataDetectorsCore.framework/Versions/A/DataDetectorsCore
0x00007fff24ed9000 	/usr/lib/libMobileGestalt.dylib
0x00007fff289d9000 	/System/Library/Frameworks/Carbon.framework/Versions/A/Frameworks/HIToolbox.framework/Versions/A/HIToolbox
0x00007fff26f32000 	/System/Library/Frameworks/QuartzCore.framework/Versions/A/QuartzCore
0x00007fff2ff0b000 	/System/Library/Frameworks/Carbon.framework/Versions/A/Frameworks/SpeechRecognition.framework/Versions/A/SpeechRecognition
0x00007fff27252000 	/System/Library/PrivateFrameworks/CoreUI.framework/Versions/A/CoreUI
0x00007fff21ec8000 	/System/Library/Frameworks/CoreAudio.framework/Versions/A/CoreAudio
0x00007fff268c3000 	/System/Library/Frameworks/DiskArbitration.framework/Versions/A/DiskArbitration
0x00007fff2bd9d000 	/System/Library/PrivateFrameworks/MultitouchSupport.framework/Versions/A/MultitouchSupport
0x00007fff2c191000 	/System/Library/PrivateFrameworks/InternationalSupport.framework/Versions/A/InternationalSupport
0x00007fff24ed8000 	/usr/lib/libenergytrace.dylib
0x00007fff22e82000 	/System/Library/Frameworks/IOKit.framework/Versions/A/IOKit
0x00007fff3023e000 	/System/Library/Frameworks/CoreServices.framework/Versions/A/CoreServices
0x00007fff2747f000 	/System/Library/PrivateFrameworks/PerformanceAnalysis.framework/Versions/A/PerformanceAnalysis
0x00007fff6bbbc000 	/System/Library/Frameworks/OpenGL.framework/Versions/A/OpenGL
0x00007fff2c215000 	/System/Library/PrivateFrameworks/UserActivity.framework/Versions/A/UserActivity
0x00007fff25956000 	/System/Library/Frameworks/ColorSync.framework/Versions/A/ColorSync
0x00007fff28f54000 	/System/Library/Frameworks/CoreImage.framework/Versions/A/CoreImage
0x00007fff21ce2000 	/System/Library/Frameworks/CoreText.framework/Versions/A/CoreText
0x00007fff28d17000 	/System/Library/Frameworks/ImageIO.framework/Versions/A/ImageIO
0x00007fff2a8ab000 	/System/Library/PrivateFrameworks/SoftLinking.framework/Versions/A/SoftLinking
0x00007fff27538000 	/usr/lib/libxml2.2.dylib
0x00007fff20629000 	/usr/lib/libc++.1.dylib
0x00007fff2ab1c000 	/usr/lib/libcompression.dylib
0x00007fff2c0c3000 	/System/Library/PrivateFrameworks/TextureIO.framework/Versions/A/TextureIO
0x00007fff2b14b000 	/usr/lib/libate.dylib
0x00007fff2a89f000 	/usr/lib/system/libcache.dylib
0x00007fff2a85b000 	/usr/lib/system/libcommonCrypto.dylib
0x00007fff2a885000 	/usr/lib/system/libcompiler_rt.dylib
0x00007fff2a87a000 	/usr/lib/system/libcopyfile.dylib
0x00007fff20453000 	/usr/lib/system/libcorecrypto.dylib
0x00007fff2051e000 	/usr/lib/system/libdispatch.dylib
0x00007fff206d1000 	/usr/lib/system/libdyld.dylib
0x00007fff2a896000 	/usr/lib/system/libkeymgr.dylib
0x00007fff2dca9000 	/usr/lib/system/liblaunch.dylib
0x00007fff2a839000 	/usr/lib/system/libmacho.dylib
0x00007fff2a031000 	/usr/lib/system/libquarantine.dylib
0x00007fff2a893000 	/usr/lib/system/libremovefile.dylib
0x00007fff24f36000 	/usr/lib/system/libsystem_asl.dylib
0x00007fff20403000 	/usr/lib/system/libsystem_blocks.dylib
0x00007fff205a0000 	/usr/lib/system/libsystem_c.dylib
0x00007fff2a88d000 	/usr/lib/system/libsystem_collections.dylib
0x00007fff29337000 	/usr/lib/system/libsystem_configuration.dylib
0x00007fff28623000 	/usr/lib/system/libsystem_containermanager.dylib
0x00007fff2a5dc000 	/usr/lib/system/libsystem_coreservices.dylib
0x00007fff22b12000 	/usr/lib/system/libsystem_darwin.dylib
0x00007fff2a897000 	/usr/lib/system/libsystem_dnssd.dylib
0x00007fff2059d000 	/usr/lib/system/libsystem_featureflags.dylib
0x00007fff20717000 	/usr/lib/system/libsystem_info.dylib
0x00007fff2a7f0000 	/usr/lib/system/libsystem_m.dylib
0x00007fff204f1000 	/usr/lib/system/libsystem_malloc.dylib
0x00007fff24ec9000 	/usr/lib/system/libsystem_networkextension.dylib
0x00007fff22f31000 	/usr/lib/system/libsystem_notify.dylib
0x00007fff30140000 	/usr/lib/system/libsystem_product_info_filter.dylib
0x00007fff2933b000 	/usr/lib/system/libsystem_sandbox.dylib
0x00007fff2a890000 	/usr/lib/system/libsystem_secinit.dylib
0x00007fff20695000 	/usr/lib/system/libsystem_kernel.dylib
0x00007fff2070d000 	/usr/lib/system/libsystem_platform.dylib
0x00007fff206c5000 	/usr/lib/system/libsystem_pthread.dylib
0x00007fff26614000 	/usr/lib/system/libsystem_symptoms.dylib
0x00007fff2043b000 	/usr/lib/system/libsystem_trace.dylib
0x00007fff2a867000 	/usr/lib/system/libunwind.dylib
0x00007fff20405000 	/usr/lib/system/libxpc.dylib
0x00007fff2067f000 	/usr/lib/libc++abi.dylib
0x00007fff2a872000 	/usr/lib/liboah.dylib
0x00007fff2af30000 	/usr/lib/liblzma.5.dylib
0x00007fff21206000 	/System/Library/Frameworks/SystemConfiguration.framework/Versions/A/SystemConfiguration
0x00007fff2a8a7000 	/usr/lib/libfakelink.dylib
0x00007fff24a2a000 	/System/Library/Frameworks/CFNetwork.framework/Versions/A/CFNetwork
0x00007fff2a9e7000 	/usr/lib/libarchive.2.dylib
0x00007fff21284000 	/usr/lib/libCRFSuite.dylib
0x00007fff2a058000 	/usr/lib/libbsm.0.dylib
0x00007fff243a3000 	/usr/lib/libnetwork.dylib
0x00007fff2a8ac000 	/usr/lib/libpcap.A.dylib
0x00007fff2660d000 	/usr/lib/libdns_services.dylib
0x00007fff2af49000 	/usr/lib/libcoretls_cfhelpers.dylib
0x00007fff2aae6000 	/usr/lib/libapple_nghttp2.dylib
0x00007fff2a83f000 	/usr/lib/system/libkxld.dylib
0x00007fff26286000 	/usr/lib/libsqlite3.dylib
0x00007fff2a5bf000 	/System/Library/PrivateFrameworks/AppleFSCompression.framework/Versions/A/AppleFSCompression
0x00007fff2a040000 	/usr/lib/libcoretls.dylib
0x00007fff2ab17000 	/usr/lib/libpam.2.dylib
0x00007fff2b047000 	/usr/lib/libxar.1.dylib
0x00007fff29342000 	/System/Library/PrivateFrameworks/AppleSystemInfo.framework/Versions/A/AppleSystemInfo
0x00007fff29c82000 	/System/Library/PrivateFrameworks/IOMobileFramebuffer.framework/Versions/A/IOMobileFramebuffer
0x00007fff2a5cf000 	/usr/lib/libbz2.1.0.dylib
0x00007fff2a8e4000 	/usr/lib/libiconv.2.dylib
0x00007fff2a838000 	/usr/lib/libcharset.1.dylib
0x00007fff274bb000 	/System/Library/Frameworks/CoreServices.framework/Versions/A/Frameworks/FSEvents.framework/Versions/A/FSEvents
0x00007fff22b1c000 	/System/Library/Frameworks/CoreServices.framework/Versions/A/Frameworks/CarbonCore.framework/Versions/A/CarbonCore
0x00007fff26828000 	/System/Library/Frameworks/CoreServices.framework/Versions/A/Frameworks/Metadata.framework/Versions/A/Metadata
0x00007fff2a5e1000 	/System/Library/Frameworks/CoreServices.framework/Versions/A/Frameworks/OSServices.framework/Versions/A/OSServices
0x00007fff2aa59000 	/System/Library/Frameworks/CoreServices.framework/Versions/A/Frameworks/SearchKit.framework/Versions/A/SearchKit
0x00007fff26598000 	/System/Library/Frameworks/CoreServices.framework/Versions/A/Frameworks/AE.framework/Versions/A/AE
0x00007fff20be1000 	/System/Library/Frameworks/CoreServices.framework/Versions/A/Frameworks/LaunchServices.framework/Versions/A/LaunchServices
0x00007fff2aee0000 	/System/Library/Frameworks/CoreServices.framework/Versions/A/Frameworks/DictionaryServices.framework/Versions/A/DictionaryServices
0x00007fff274c8000 	/System/Library/Frameworks/CoreServices.framework/Versions/A/Frameworks/SharedFileList.framework/Versions/A/SharedFileList
0x00007fff2a034000 	/usr/lib/libCheckFix.dylib
0x00007fff24f4d000 	/System/Library/PrivateFrameworks/TCC.framework/Versions/A/TCC
0x00007fff29348000 	/System/Library/PrivateFrameworks/CoreNLP.framework/Versions/A/CoreNLP
0x00007fff267db000 	/System/Library/PrivateFrameworks/MetadataUtilities.framework/Versions/A/MetadataUtilities
0x00007fff212b9000 	/usr/lib/libmecabra.dylib
0x00007fff2a33e000 	/System/Library/Frameworks/MLCompute.framework/Versions/A/MLCompute
0x00007fff2a069000 	/usr/lib/libmecab.dylib
0x00007fff2a0b3000 	/usr/lib/libgermantok.dylib
0x00007fff2aac1000 	/usr/lib/libThaiTokenizer.dylib
0x00007fff2b082000 	/usr/lib/libChineseTokenizer.dylib
0x00007fff2ab15000 	/System/Library/Frameworks/MetalPerformanceShaders.framework/Versions/A/MetalPerformanceShaders
0x00007fff268ca000 	/System/Library/Frameworks/Accelerate.framework/Versions/A/Frameworks/vImage.framework/Versions/A/vImage
0x00007fff30218000 	/System/Library/Frameworks/Accelerate.framework/Versions/A/Frameworks/vecLib.framework/Versions/A/vecLib
0x00007fff2b08d000 	/System/Library/Frameworks/Accelerate.framework/Versions/A/Frameworks/vecLib.framework/Versions/A/libvMisc.dylib
0x00007fff29a9d000 	/System/Library/Frameworks/Accelerate.framework/Versions/A/Frameworks/vecLib.framework/Versions/A/libvDSP.dylib
0x00007fff20eec000 	/System/Library/Frameworks/Accelerate.framework/Versions/A/Frameworks/vecLib.framework/Versions/A/libBLAS.dylib
0x00007fff2ab42000 	/System/Library/Frameworks/Accelerate.framework/Versions/A/Frameworks/vecLib.framework/Versions/A/libLAPACK.dylib
0x00007fff2a0b9000 	/System/Library/Frameworks/Accelerate.framework/Versions/A/Frameworks/vecLib.framework/Versions/A/libLinearAlgebra.dylib
0x00007fff2aafe000 	/System/Library/Frameworks/Accelerate.framework/Versions/A/Frameworks/vecLib.framework/Versions/A/libSparseBLAS.dylib
0x00007fff2ab3c000 	/System/Library/Frameworks/Accelerate.framework/Versions/A/Frameworks/vecLib.framework/Versions/A/libQuadrature.dylib
0x00007fff293f4000 	/System/Library/Frameworks/Accelerate.framework/Versions/A/Frameworks/vecLib.framework/Versions/A/libBNNS.dylib
0x00007fff21197000 	/System/Library/Frameworks/Accelerate.framework/Versions/A/Frameworks/vecLib.framework/Versions/A/libSparse.dylib
0x00007fff292d0000 	/System/Library/Frameworks/MetalPerformanceShaders.framework/Versions/A/Frameworks/MPSCore.framework/Versions/A/MPSCore
0x00007fff2a52e000 	/System/Library/Frameworks/MetalPerformanceShaders.framework/Versions/A/Frameworks/MPSImage.framework/Versions/A/MPSImage
0x00007fff2a0cf000 	/System/Library/Frameworks/MetalPerformanceShaders.framework/Versions/A/Frameworks/MPSNeuralNetwork.framework/Versions/A/MPSNeuralNetwork
0x00007fff2a4a0000 	/System/Library/Frameworks/MetalPerformanceShaders.framework/Versions/A/Frameworks/MPSMatrix.framework/Versions/A/MPSMatrix
0x00007fff2a2ee000 	/System/Library/Frameworks/MetalPerformanceShaders.framework/Versions/A/Frameworks/MPSRayIntersector.framework/Versions/A/MPSRayIntersector
0x00007fff2a4d7000 	/System/Library/Frameworks/MetalPerformanceShaders.framework/Versions/A/Frameworks/MPSNDArray.framework/Versions/A/MPSNDArray
0x00007fff20e17000 	/System/Library/PrivateFrameworks/MetalTools.framework/Versions/A/MetalTools
0x00007fff29340000 	/System/Library/PrivateFrameworks/AggregateDictionary.framework/Versions/A/AggregateDictionary
0x00007fff267a8000 	/System/Library/PrivateFrameworks/CoreAnalytics.framework/Versions/A/CoreAnalytics
0x00007fff2aac3000 	/System/Library/PrivateFrameworks/AppleSauce.framework/Versions/A/AppleSauce
0x00007fff28646000 	/System/Library/PrivateFrameworks/IOAccelerator.framework/Versions/A/IOAccelerator
0x00007fff6bbb0000 	/System/Library/Frameworks/OpenGL.framework/Versions/A/Libraries/libCoreFSCache.dylib
0x00007fff21851000 	/System/Library/PrivateFrameworks/LanguageModeling.framework/Versions/A/LanguageModeling
0x00007fff29c70000 	/System/Library/PrivateFrameworks/CoreEmoji.framework/Versions/A/CoreEmoji
0x00007fff293ed000 	/System/Library/PrivateFrameworks/LinguisticData.framework/Versions/A/LinguisticData
0x00007fff21149000 	/System/Library/PrivateFrameworks/Lexicon.framework/Versions/A/Lexicon
0x00007fff2a9d5000 	/usr/lib/libcmph.dylib
0x00007fff2749b000 	/System/Library/Frameworks/OpenDirectory.framework/Versions/A/Frameworks/CFOpenDirectory.framework/Versions/A/CFOpenDirectory
0x00007fff2748b000 	/System/Library/Frameworks/OpenDirectory.framework/Versions/A/OpenDirectory
0x00007fff2af4b000 	/System/Library/PrivateFrameworks/APFS.framework/Versions/A/APFS
0x00007fff29f96000 	/System/Library/Frameworks/SecurityFoundation.framework/Versions/A/SecurityFoundation
0x00007fff2b055000 	/usr/lib/libutil.dylib
0x00007fff22e47000 	/System/Library/PrivateFrameworks/CoreServicesStore.framework/Versions/A/CoreServicesStore
0x00007fff2a02c000 	/System/Library/Frameworks/ServiceManagement.framework/Versions/A/ServiceManagement
0x00007fff2b059000 	/usr/lib/libxslt.1.dylib
0x00007fff2a022000 	/System/Library/PrivateFrameworks/BackgroundTaskManagement.framework/Versions/A/BackgroundTaskManagement
0x00007fff2c00d000 	/System/Library/Frameworks/ImageIO.framework/Versions/A/Resources/libRadiance.dylib
0x00007fff2c017000 	/System/Library/Frameworks/ImageIO.framework/Versions/A/Resources/libJPEG.dylib
0x00007fff2bf67000 	/System/Library/Frameworks/ImageIO.framework/Versions/A/Resources/libPng.dylib
0x00007fff2bf88000 	/System/Library/Frameworks/ImageIO.framework/Versions/A/Resources/libTIFF.dylib
0x00007fff2c06c000 	/System/Library/Frameworks/ImageIO.framework/Versions/A/Resources/libGIF.dylib
0x00007fff2bcb9000 	/System/Library/Frameworks/ImageIO.framework/Versions/A/Resources/libJP2.dylib
0x00007fff2b3d4000 	/usr/lib/libexpat.1.dylib
0x00007fff2bc6f000 	/System/Library/PrivateFrameworks/AppleJPEG.framework/Versions/A/AppleJPEG
0x00007fff2887c000 	/System/Library/PrivateFrameworks/FontServices.framework/libFontParser.dylib
0x00007fff2654f000 	/System/Library/PrivateFrameworks/RunningBoardServices.framework/Versions/A/RunningBoardServices
0x00007fff2bd99000 	/System/Library/PrivateFrameworks/WatchdogClient.framework/Versions/A/WatchdogClient
0x00007fff2193a000 	/System/Library/Frameworks/CoreDisplay.framework/Versions/A/CoreDisplay
0x00007fff28791000 	/System/Library/Frameworks/CoreMedia.framework/Versions/A/CoreMedia
0x00007fff2761b000 	/System/Library/Frameworks/CoreVideo.framework/Versions/A/CoreVideo
0x00007fff2bdd4000 	/System/Library/Frameworks/VideoToolbox.framework/Versions/A/VideoToolbox
0x00007fff264cf000 	/System/Library/PrivateFrameworks/BaseBoard.framework/Versions/A/BaseBoard
0x00007fff2b519000 	/System/Library/PrivateFrameworks/PersistentConnection.framework/Versions/A/PersistentConnection
0x00007fff26270000 	/System/Library/PrivateFrameworks/ProtocolBuffer.framework/Versions/A/ProtocolBuffer
0x00007fff264b7000 	/System/Library/PrivateFrameworks/CommonUtilities.framework/Versions/A/CommonUtilities
0x00007fff2bc32000 	/System/Library/PrivateFrameworks/Bom.framework/Versions/A/Bom
0x00007fff2c005000 	/System/Library/PrivateFrameworks/GPUWrangler.framework/Versions/A/GPUWrangler
0x00007fff2bfe8000 	/System/Library/PrivateFrameworks/IOPresentment.framework/Versions/A/IOPresentment
0x00007fff2c011000 	/System/Library/PrivateFrameworks/DSExternalDisplay.framework/Versions/A/DSExternalDisplay
0x00007fff2c071000 	/System/Library/PrivateFrameworks/CMCaptureCore.framework/Versions/A/CMCaptureCore
0x00007fff2b9b5000 	/System/Library/PrivateFrameworks/AppServerSupport.framework/Versions/A/AppServerSupport
0x00007fff2da4c000 	/System/Library/PrivateFrameworks/perfdata.framework/Versions/A/perfdata
0x00007fff29f85000 	/System/Library/PrivateFrameworks/AssertionServices.framework/Versions/A/AssertionServices
0x00007fff21a71000 	/System/Library/PrivateFrameworks/AudioToolboxCore.framework/Versions/A/AudioToolboxCore
0x00007fff28774000 	/System/Library/PrivateFrameworks/caulk.framework/Versions/A/caulk
0x00007fff3cef8000 	/System/Library/PrivateFrameworks/SystemPolicy.framework/Versions/A/SystemPolicy
0x00007fff2b1e3000 	/usr/lib/libIOReport.dylib
0x00007fff2d288000 	/usr/lib/libSMC.dylib
0x00007fff2bf33000 	/usr/lib/libAudioToolboxUtility.dylib
0x00007fff3d855000 	/usr/lib/libmis.dylib
0x00007fff6bc0c000 	/System/Library/Frameworks/OpenGL.framework/Versions/A/Libraries/libGLU.dylib
0x00007fff6bbcf000 	/System/Library/Frameworks/OpenGL.framework/Versions/A/Libraries/libGFXShared.dylib
0x00007fff6bddd000 	/System/Library/Frameworks/OpenGL.framework/Versions/A/Libraries/libGL.dylib
0x00007fff6bbd8000 	/System/Library/Frameworks/OpenGL.framework/Versions/A/Libraries/libGLImage.dylib
0x00007fff6bbcc000 	/System/Library/Frameworks/OpenGL.framework/Versions/A/Libraries/libCVMSPluginSupport.dylib
0x00007fff6bbb7000 	/System/Library/Frameworks/OpenGL.framework/Versions/A/Libraries/libCoreVMClient.dylib
0x00007fff6d227000 	/System/Library/Frameworks/OpenCL.framework/Versions/A/OpenCL
0x00007fff2b542000 	/System/Library/PrivateFrameworks/GraphVisualizer.framework/Versions/A/GraphVisualizer
0x00007fff2b551000 	/System/Library/PrivateFrameworks/FaceCore.framework/Versions/A/FaceCore
0x00007fff2b96d000 	/System/Library/PrivateFrameworks/OTSVG.framework/Versions/A/OTSVG
0x00007fff27210000 	/System/Library/Frameworks/ApplicationServices.framework/Versions/A/Frameworks/ATS.framework/Versions/A/Resources/libFontRegistry.dylib
0x00007fff2b9bc000 	/System/Library/PrivateFrameworks/FontServices.framework/libhvf.dylib
0x00007fff2b380000 	/System/Library/PrivateFrameworks/AppleVA.framework/Versions/A/AppleVA
0x00007fff2d0d0000 	/System/Library/Frameworks/ApplicationServices.framework/Versions/A/Frameworks/ATS.framework/Versions/A/ATS
0x00007fff2d3e3000 	/System/Library/Frameworks/ApplicationServices.framework/Versions/A/Frameworks/ColorSyncLegacy.framework/Versions/A/ColorSyncLegacy
0x00007fff25a4e000 	/System/Library/Frameworks/ApplicationServices.framework/Versions/A/Frameworks/HIServices.framework/Versions/A/HIServices
0x00007fff2d3c8000 	/System/Library/Frameworks/ApplicationServices.framework/Versions/A/Frameworks/LangAnalysis.framework/Versions/A/LangAnalysis
0x00007fff2c07b000 	/System/Library/Frameworks/ApplicationServices.framework/Versions/A/Frameworks/PrintCore.framework/Versions/A/PrintCore
0x00007fff2d3eb000 	/System/Library/Frameworks/ApplicationServices.framework/Versions/A/Frameworks/QD.framework/Versions/A/QD
0x00007fff2d0c0000 	/System/Library/Frameworks/ApplicationServices.framework/Versions/A/Frameworks/SpeechSynthesis.framework/Versions/A/SpeechSynthesis
0x00007fff2c03c000 	/System/Library/Frameworks/ApplicationServices.framework/Versions/A/Frameworks/ATSUI.framework/Versions/A/ATSUI
0x00007fff2d368000 	/usr/lib/libcups.2.dylib
0x00007fff2d3d8000 	/System/Library/PrivateFrameworks/NetAuth.framework/Versions/A/NetAuth
0x00007fff2da67000 	/System/Library/Frameworks/Kerberos.framework/Versions/A/Kerberos
0x00007fff2da77000 	/System/Library/Frameworks/GSS.framework/Versions/A/GSS
0x00007fff2d13d000 	/usr/lib/libresolv.9.dylib
0x00007fff2b9d2000 	/System/Library/PrivateFrameworks/Heimdal.framework/Versions/A/Heimdal
0x00007fff3372e000 	/System/Library/Frameworks/Kerberos.framework/Versions/A/Libraries/libHeimdalProxy.dylib
0x00007fff2661c000 	/System/Library/Frameworks/Network.framework/Versions/A/Network
0x00007fff2b3ee000 	/usr/lib/libheimdal-asn1.dylib
0x00007fff2dac8000 	/System/Library/PrivateFrameworks/CommonAuth.framework/Versions/A/CommonAuth
0x00007fff27669000 	/System/Library/PrivateFrameworks/login.framework/Versions/A/Frameworks/loginsupport.framework/Versions/A/loginsupport
0x00007fff2d047000 	/System/Library/PrivateFrameworks/AudioSession.framework/Versions/A/AudioSession
0x00007fff2d0ad000 	/usr/lib/libAudioStatistics.dylib
0x00007fff2b47a000 	/System/Library/PrivateFrameworks/MediaExperience.framework/Versions/A/MediaExperience
0x00007fff2cee0000 	/System/Library/PrivateFrameworks/AudioSession.framework/libSessionUtility.dylib
0x00007fff2da58000 	/usr/lib/libperfcheck.dylib
0x00007fff2d3f7000 	/System/Library/PrivateFrameworks/AudioResourceArbitration.framework/Versions/A/AudioResourceArbitration
0x00007fff2b3f8000 	/System/Library/PrivateFrameworks/IconFoundation.framework/Versions/A/IconFoundation
0x00007fff2fefb000 	/System/Library/PrivateFrameworks/SpeechRecognitionCore.framework/Versions/A/SpeechRecognitionCore
0x0000000112000000 	/Library/Java/JavaVirtualMachines/jdk1.8.0_212.jdk/Contents/Home/jre/lib/server/libjvm.dylib
0x00007fff77f11000 	/usr/lib/libstdc++.6.dylib
0x000000010ff9e000 	/Library/Java/JavaVirtualMachines/jdk1.8.0_212.jdk/Contents/Home/jre/lib/libverify.dylib
0x000000010ffac000 	/Library/Java/JavaVirtualMachines/jdk1.8.0_212.jdk/Contents/Home/jre/lib/libjava.dylib
0x0000000112fb9000 	/Library/Java/JavaVirtualMachines/jdk1.8.0_212.jdk/Contents/Home/jre/lib/libjdwp.dylib
0x000000010ffe3000 	/Library/Java/JavaVirtualMachines/jdk1.8.0_212.jdk/Contents/Home/jre/lib/libnpt.dylib
0x000000010fff0000 	/Library/Java/JavaVirtualMachines/jdk1.8.0_212.jdk/Contents/Home/jre/lib/libzip.dylib
0x000000011383a000 	/Library/Java/JavaVirtualMachines/jdk1.8.0_212.jdk/Contents/Home/jre/lib/libdt_socket.dylib
0x0000000129b68000 	/Library/Java/JavaVirtualMachines/jdk1.8.0_212.jdk/Contents/Home/jre/lib/libnet.dylib
0x0000000129d84000 	/Library/Java/JavaVirtualMachines/jdk1.8.0_212.jdk/Contents/Home/jre/lib/libnio.dylib
0x0000000129d94000 	/Library/Java/JavaVirtualMachines/jdk1.8.0_212.jdk/Contents/Home/jre/lib/libsunec.dylib

VM Arguments:
jvm_args: -agentlib:jdwp=transport=dt_socket,suspend=y,address=localhost:53216 -ea -Dfile.encoding=UTF-8 
java_command: org.testng.remote.RemoteTestNG -serport 53215 -d /Users/divyareddy/eclipse-workspace/TechnicalAssessment/test-output /var/folders/31/llrj_f597hq30hv5dgr8stjw0000gn/T/testng-eclipse--676039055/testng-customsuite.xml
java_class_path (initial): /Users/divyareddy/eclipse-workspace/TechnicalAssessment/target/test-classes:/Users/divyareddy/eclipse-workspace/TechnicalAssessment/target/classes:/Users/divyareddy/Desktop/Eclipse.app/Contents/Eclipse/plugins/org.testng.eclipse_6.9.5.201505251947/lib/testng.jar:/Users/divyareddy/Desktop/Eclipse.app/Contents/Eclipse/plugins/org.testng.eclipse_6.9.5.201505251947/lib/jcommander.jar:/Users/divyareddy/Desktop/Eclipse.app/Contents/Eclipse/plugins/org.testng.eclipse_6.9.5.201505251947/lib/bsh-2.0b4.jar:/Users/divyareddy/Desktop/Eclipse.app/Contents/Eclipse/plugins/org.testng.eclipse_6.9.5.201505251947/lib/snakeyaml.jar:/Users/divyareddy/.m2/repository/org/seleniumhq/selenium/selenium-java/3.141.59/selenium-java-3.141.59.jar:/Users/divyareddy/.m2/repository/org/seleniumhq/selenium/selenium-api/3.141.59/selenium-api-3.141.59.jar:/Users/divyareddy/.m2/repository/org/seleniumhq/selenium/selenium-chrome-driver/3.141.59/selenium-chrome-driver-3.141.59.jar:/Users/divyareddy/.m2/repository/org/seleniumhq/selenium/selenium-edge-driver/3.141.59/selenium-edge-driver-3.141.59.jar:/Users/divyareddy/.m2/repository/org/seleniumhq/selenium/selenium-firefox-driver/3.141.59/selenium-firefox-driver-3.141.59.jar:/Users/divyareddy/.m2/repository/org/seleniumhq/selenium/selenium-ie-driver/3.141.59/selenium-ie-driver-3.141.59.jar:/Users/divyareddy/.m2/repository/org/seleniumhq/selenium/selenium-opera-driver/3.141.59/selenium-opera-driver-3.141.59.jar:/Users/divyareddy/.m2/repository/org/seleniumhq/selenium/selenium-remote-driver/3.141.59/selenium-remote-driver-3.141.59.jar:/Users/divyareddy/.m2/repository/org/seleniumhq/selenium/selenium-safari-driver/3.141.59/selenium-safari-driver-3.141.59.jar:/Users/divyareddy/.m2/repository/org/seleniumhq/selenium/selenium-support/3.141.59/selenium-support-3.141.59.jar:/Users/divyareddy/.m2/repository/net/bytebuddy/byte-buddy/1.8.15/byte-buddy-1.8.15.jar:/Users/divyareddy/.m2/repository/org/apache/commons/commons-exec/1.3/common
Launcher Type: SUN_STANDARD

Environment Variables:
PATH=/usr/bin:/bin:/usr/sbin:/sbin
SHELL=/bin/zsh

Signal Handlers:
SIGSEGV: [libjvm.dylib+0x5b71a7], sa_mask[0]=11111111011111110111111111111111, sa_flags=SA_ONSTACK|SA_RESTART|SA_SIGINFO
SIGBUS: [libjvm.dylib+0x5b71a7], sa_mask[0]=11111111011111110111111111111111, sa_flags=SA_RESTART|SA_SIGINFO
SIGFPE: [libjvm.dylib+0x48c8fc], sa_mask[0]=11111111011111110111111111111111, sa_flags=SA_RESTART|SA_SIGINFO
SIGPIPE: [libjvm.dylib+0x48c8fc], sa_mask[0]=11111111011111110111111111111111, sa_flags=SA_RESTART|SA_SIGINFO
SIGXFSZ: [libjvm.dylib+0x48c8fc], sa_mask[0]=11111111011111110111111111111111, sa_flags=SA_RESTART|SA_SIGINFO
SIGILL: [libjvm.dylib+0x48c8fc], sa_mask[0]=11111111011111110111111111111111, sa_flags=SA_RESTART|SA_SIGINFO
SIGUSR1: SIG_DFL, sa_mask[0]=00000000000000000000000000000000, sa_flags=none
SIGUSR2: [libjvm.dylib+0x48c41a], sa_mask[0]=00100000000000000000000000000000, sa_flags=SA_RESTART|SA_SIGINFO
SIGHUP: [libjvm.dylib+0x48a9a5], sa_mask[0]=11111111011111110111111111111111, sa_flags=SA_RESTART|SA_SIGINFO
SIGINT: [libjvm.dylib+0x48a9a5], sa_mask[0]=11111111011111110111111111111111, sa_flags=SA_RESTART|SA_SIGINFO
SIGTERM: [libjvm.dylib+0x48a9a5], sa_mask[0]=11111111011111110111111111111111, sa_flags=SA_RESTART|SA_SIGINFO
SIGQUIT: [libjvm.dylib+0x48a9a5], sa_mask[0]=11111111011111110111111111111111, sa_flags=SA_RESTART|SA_SIGINFO


---------------  S Y S T E M  ---------------

OS:Bsduname:Darwin 20.6.0 Darwin Kernel Version 20.6.0: Wed Nov 10 22:23:07 PST 2021; root:xnu-7195.141.14~1/RELEASE_X86_64 x86_64
rlimit: STACK 8192k, CORE 0k, NPROC 1392, NOFILE 10240, AS infinity
load average:19.80 14.75 10.85

CPU:total 4 (initial active 4) (2 cores per cpu, 2 threads per core) family 6 model 61 stepping 4, cmov, cx8, fxsr, mmx, sse, sse2, sse3, ssse3, sse4.1, sse4.2, popcnt, avx, avx2, aes, clmul, erms, 3dnowpref, lzcnt, ht, tsc, tscinvbit, bmi1, bmi2, adx

Memory: 4k page, physical 8388608k(1333924k free)

/proc/meminfo:


vm_info: Java HotSpot(TM) 64-Bit Server VM (25.212-b10) for bsd-amd64 JRE (1.8.0_212-b10), built on Apr  1 2019 23:10:56 by "java_re" with gcc 4.2.1 (Based on Apple Inc. build 5658) (LLVM build 2336.11.00)

time: Sat Sep 24 15:20:29 2022
timezone: AEST
elapsed time: 4075 seconds (0d 1h 7m 55s)

